[2018-09-22 16:35:13] local.ERROR: ErrorException: Undefined variable: route in /var/www/hcx/blog/routes/web.php:18
Stack trace:
#0 /var/www/hcx/blog/routes/web.php(18): Laravel\Lumen\Application->Laravel\Lumen\Concerns\{closure}(8, 'Undefined varia...', '/var/www/hcx/bl...', 18, Array)
#1 /var/www/hcx/blog/bootstrap/app.php(98): require('/var/www/hcx/bl...')
#2 [internal function]: {closure}(Object(Laravel\Lumen\Routing\Router))
#3 /var/www/hcx/blog/vendor/laravel/lumen-framework/src/Routing/Router.php(62): call_user_func(Object(Closure), Object(Laravel\Lumen\Routing\Router))
#4 /var/www/hcx/blog/bootstrap/app.php(99): Laravel\Lumen\Routing\Router->group(Array, Object(Closure))
#5 /var/www/hcx/blog/public/index.php(14): require('/var/www/hcx/bl...')
#6 {main} {"exception":"[object] (ErrorException(code: 0): Undefined variable: route at /var/www/hcx/blog/routes/web.php:18)
[stacktrace]
#0 /var/www/hcx/blog/routes/web.php(18): Laravel\\Lumen\\Application->Laravel\\Lumen\\Concerns\\{closure}(8, 'Undefined varia...', '/var/www/hcx/bl...', 18, Array)
#1 /var/www/hcx/blog/bootstrap/app.php(98): require('/var/www/hcx/bl...')
#2 [internal function]: {closure}(Object(Laravel\\Lumen\\Routing\\Router))
#3 /var/www/hcx/blog/vendor/laravel/lumen-framework/src/Routing/Router.php(62): call_user_func(Object(Closure), Object(Laravel\\Lumen\\Routing\\Router))
#4 /var/www/hcx/blog/bootstrap/app.php(99): Laravel\\Lumen\\Routing\\Router->group(Array, Object(Closure))
#5 /var/www/hcx/blog/public/index.php(14): require('/var/www/hcx/bl...')
#6 {main}
"} 
[2018-09-22 16:35:15] local.ERROR: ErrorException: Undefined variable: route in /var/www/hcx/blog/routes/web.php:18
Stack trace:
#0 /var/www/hcx/blog/routes/web.php(18): Laravel\Lumen\Application->Laravel\Lumen\Concerns\{closure}(8, 'Undefined varia...', '/var/www/hcx/bl...', 18, Array)
#1 /var/www/hcx/blog/bootstrap/app.php(98): require('/var/www/hcx/bl...')
#2 [internal function]: {closure}(Object(Laravel\Lumen\Routing\Router))
#3 /var/www/hcx/blog/vendor/laravel/lumen-framework/src/Routing/Router.php(62): call_user_func(Object(Closure), Object(Laravel\Lumen\Routing\Router))
#4 /var/www/hcx/blog/bootstrap/app.php(99): Laravel\Lumen\Routing\Router->group(Array, Object(Closure))
#5 /var/www/hcx/blog/public/index.php(14): require('/var/www/hcx/bl...')
#6 {main} {"exception":"[object] (ErrorException(code: 0): Undefined variable: route at /var/www/hcx/blog/routes/web.php:18)
[stacktrace]
#0 /var/www/hcx/blog/routes/web.php(18): Laravel\\Lumen\\Application->Laravel\\Lumen\\Concerns\\{closure}(8, 'Undefined varia...', '/var/www/hcx/bl...', 18, Array)
#1 /var/www/hcx/blog/bootstrap/app.php(98): require('/var/www/hcx/bl...')
#2 [internal function]: {closure}(Object(Laravel\\Lumen\\Routing\\Router))
#3 /var/www/hcx/blog/vendor/laravel/lumen-framework/src/Routing/Router.php(62): call_user_func(Object(Closure), Object(Laravel\\Lumen\\Routing\\Router))
#4 /var/www/hcx/blog/bootstrap/app.php(99): Laravel\\Lumen\\Routing\\Router->group(Array, Object(Closure))
#5 /var/www/hcx/blog/public/index.php(14): require('/var/www/hcx/bl...')
#6 {main}
"} 
[2018-09-22 16:35:53] local.ERROR: Symfony\Component\Debug\Exception\FatalThrowableError: syntax error, unexpected ';', expecting ']' in /var/www/hcx/blog/app/Http/Controllers/MyFirstAPIController.php:34
Stack trace:
#0 /var/www/hcx/blog/vendor/composer/ClassLoader.php(322): Composer\Autoload\includeFile('/var/www/hcx/bl...')
#1 [internal function]: Composer\Autoload\ClassLoader->loadClass('App\\Http\\Contro...')
#2 [internal function]: spl_autoload_call('App\\Http\\Contro...')
#3 /var/www/hcx/blog/vendor/illuminate/container/Container.php(767): ReflectionClass->__construct('App\\Http\\Contro...')
#4 /var/www/hcx/blog/vendor/illuminate/container/Container.php(646): Illuminate\Container\Container->build('App\\Http\\Contro...')
#5 /var/www/hcx/blog/vendor/illuminate/container/Container.php(601): Illuminate\Container\Container->resolve('App\\Http\\Contro...', Array)
#6 /var/www/hcx/blog/vendor/laravel/lumen-framework/src/Application.php(259): Illuminate\Container\Container->make('App\\Http\\Contro...', Array)
#7 /var/www/hcx/blog/vendor/laravel/lumen-framework/src/Concerns/RoutesRequests.php(310): Laravel\Lumen\Application->make('App\\Http\\Contro...')
#8 /var/www/hcx/blog/vendor/laravel/lumen-framework/src/Concerns/RoutesRequests.php(277): Laravel\Lumen\Application->callControllerAction(Array)
#9 /var/www/hcx/blog/vendor/laravel/lumen-framework/src/Concerns/RoutesRequests.php(262): Laravel\Lumen\Application->callActionOnArrayBasedRoute(Array)
#10 /var/www/hcx/blog/vendor/laravel/lumen-framework/src/Concerns/RoutesRequests.php(162): Laravel\Lumen\Application->handleFoundRoute(Array)
#11 /var/www/hcx/blog/vendor/laravel/lumen-framework/src/Concerns/RoutesRequests.php(415): Laravel\Lumen\Application->Laravel\Lumen\Concerns\{closure}()
#12 /var/www/hcx/blog/vendor/laravel/lumen-framework/src/Concerns/RoutesRequests.php(168): Laravel\Lumen\Application->sendThroughPipeline(Array, Object(Closure))
#13 /var/www/hcx/blog/vendor/laravel/lumen-framework/src/Concerns/RoutesRequests.php(107): Laravel\Lumen\Application->dispatch(NULL)
#14 /var/www/hcx/blog/public/index.php(28): Laravel\Lumen\Application->run()
#15 {main} {"exception":"[object] (Symfony\\Component\\Debug\\Exception\\FatalThrowableError(code: 0): syntax error, unexpected ';', expecting ']' at /var/www/hcx/blog/app/Http/Controllers/MyFirstAPIController.php:34)
[stacktrace]
#0 /var/www/hcx/blog/vendor/composer/ClassLoader.php(322): Composer\\Autoload\\includeFile('/var/www/hcx/bl...')
#1 [internal function]: Composer\\Autoload\\ClassLoader->loadClass('App\\\\Http\\\\Contro...')
#2 [internal function]: spl_autoload_call('App\\\\Http\\\\Contro...')
#3 /var/www/hcx/blog/vendor/illuminate/container/Container.php(767): ReflectionClass->__construct('App\\\\Http\\\\Contro...')
#4 /var/www/hcx/blog/vendor/illuminate/container/Container.php(646): Illuminate\\Container\\Container->build('App\\\\Http\\\\Contro...')
#5 /var/www/hcx/blog/vendor/illuminate/container/Container.php(601): Illuminate\\Container\\Container->resolve('App\\\\Http\\\\Contro...', Array)
#6 /var/www/hcx/blog/vendor/laravel/lumen-framework/src/Application.php(259): Illuminate\\Container\\Container->make('App\\\\Http\\\\Contro...', Array)
#7 /var/www/hcx/blog/vendor/laravel/lumen-framework/src/Concerns/RoutesRequests.php(310): Laravel\\Lumen\\Application->make('App\\\\Http\\\\Contro...')
#8 /var/www/hcx/blog/vendor/laravel/lumen-framework/src/Concerns/RoutesRequests.php(277): Laravel\\Lumen\\Application->callControllerAction(Array)
#9 /var/www/hcx/blog/vendor/laravel/lumen-framework/src/Concerns/RoutesRequests.php(262): Laravel\\Lumen\\Application->callActionOnArrayBasedRoute(Array)
#10 /var/www/hcx/blog/vendor/laravel/lumen-framework/src/Concerns/RoutesRequests.php(162): Laravel\\Lumen\\Application->handleFoundRoute(Array)
#11 /var/www/hcx/blog/vendor/laravel/lumen-framework/src/Concerns/RoutesRequests.php(415): Laravel\\Lumen\\Application->Laravel\\Lumen\\Concerns\\{closure}()
#12 /var/www/hcx/blog/vendor/laravel/lumen-framework/src/Concerns/RoutesRequests.php(168): Laravel\\Lumen\\Application->sendThroughPipeline(Array, Object(Closure))
#13 /var/www/hcx/blog/vendor/laravel/lumen-framework/src/Concerns/RoutesRequests.php(107): Laravel\\Lumen\\Application->dispatch(NULL)
#14 /var/www/hcx/blog/public/index.php(28): Laravel\\Lumen\\Application->run()
#15 {main}
"} 
[2018-09-22 16:36:12] local.ERROR: Symfony\Component\Debug\Exception\FatalThrowableError: syntax error, unexpected ';', expecting ']' in /var/www/hcx/blog/app/Http/Controllers/MyFirstAPIController.php:55
Stack trace:
#0 /var/www/hcx/blog/vendor/composer/ClassLoader.php(322): Composer\Autoload\includeFile('/var/www/hcx/bl...')
#1 [internal function]: Composer\Autoload\ClassLoader->loadClass('App\\Http\\Contro...')
#2 [internal function]: spl_autoload_call('App\\Http\\Contro...')
#3 /var/www/hcx/blog/vendor/illuminate/container/Container.php(767): ReflectionClass->__construct('App\\Http\\Contro...')
#4 /var/www/hcx/blog/vendor/illuminate/container/Container.php(646): Illuminate\Container\Container->build('App\\Http\\Contro...')
#5 /var/www/hcx/blog/vendor/illuminate/container/Container.php(601): Illuminate\Container\Container->resolve('App\\Http\\Contro...', Array)
#6 /var/www/hcx/blog/vendor/laravel/lumen-framework/src/Application.php(259): Illuminate\Container\Container->make('App\\Http\\Contro...', Array)
#7 /var/www/hcx/blog/vendor/laravel/lumen-framework/src/Concerns/RoutesRequests.php(310): Laravel\Lumen\Application->make('App\\Http\\Contro...')
#8 /var/www/hcx/blog/vendor/laravel/lumen-framework/src/Concerns/RoutesRequests.php(277): Laravel\Lumen\Application->callControllerAction(Array)
#9 /var/www/hcx/blog/vendor/laravel/lumen-framework/src/Concerns/RoutesRequests.php(262): Laravel\Lumen\Application->callActionOnArrayBasedRoute(Array)
#10 /var/www/hcx/blog/vendor/laravel/lumen-framework/src/Concerns/RoutesRequests.php(162): Laravel\Lumen\Application->handleFoundRoute(Array)
#11 /var/www/hcx/blog/vendor/laravel/lumen-framework/src/Concerns/RoutesRequests.php(415): Laravel\Lumen\Application->Laravel\Lumen\Concerns\{closure}()
#12 /var/www/hcx/blog/vendor/laravel/lumen-framework/src/Concerns/RoutesRequests.php(168): Laravel\Lumen\Application->sendThroughPipeline(Array, Object(Closure))
#13 /var/www/hcx/blog/vendor/laravel/lumen-framework/src/Concerns/RoutesRequests.php(107): Laravel\Lumen\Application->dispatch(NULL)
#14 /var/www/hcx/blog/public/index.php(28): Laravel\Lumen\Application->run()
#15 {main} {"exception":"[object] (Symfony\\Component\\Debug\\Exception\\FatalThrowableError(code: 0): syntax error, unexpected ';', expecting ']' at /var/www/hcx/blog/app/Http/Controllers/MyFirstAPIController.php:55)
[stacktrace]
#0 /var/www/hcx/blog/vendor/composer/ClassLoader.php(322): Composer\\Autoload\\includeFile('/var/www/hcx/bl...')
#1 [internal function]: Composer\\Autoload\\ClassLoader->loadClass('App\\\\Http\\\\Contro...')
#2 [internal function]: spl_autoload_call('App\\\\Http\\\\Contro...')
#3 /var/www/hcx/blog/vendor/illuminate/container/Container.php(767): ReflectionClass->__construct('App\\\\Http\\\\Contro...')
#4 /var/www/hcx/blog/vendor/illuminate/container/Container.php(646): Illuminate\\Container\\Container->build('App\\\\Http\\\\Contro...')
#5 /var/www/hcx/blog/vendor/illuminate/container/Container.php(601): Illuminate\\Container\\Container->resolve('App\\\\Http\\\\Contro...', Array)
#6 /var/www/hcx/blog/vendor/laravel/lumen-framework/src/Application.php(259): Illuminate\\Container\\Container->make('App\\\\Http\\\\Contro...', Array)
#7 /var/www/hcx/blog/vendor/laravel/lumen-framework/src/Concerns/RoutesRequests.php(310): Laravel\\Lumen\\Application->make('App\\\\Http\\\\Contro...')
#8 /var/www/hcx/blog/vendor/laravel/lumen-framework/src/Concerns/RoutesRequests.php(277): Laravel\\Lumen\\Application->callControllerAction(Array)
#9 /var/www/hcx/blog/vendor/laravel/lumen-framework/src/Concerns/RoutesRequests.php(262): Laravel\\Lumen\\Application->callActionOnArrayBasedRoute(Array)
#10 /var/www/hcx/blog/vendor/laravel/lumen-framework/src/Concerns/RoutesRequests.php(162): Laravel\\Lumen\\Application->handleFoundRoute(Array)
#11 /var/www/hcx/blog/vendor/laravel/lumen-framework/src/Concerns/RoutesRequests.php(415): Laravel\\Lumen\\Application->Laravel\\Lumen\\Concerns\\{closure}()
#12 /var/www/hcx/blog/vendor/laravel/lumen-framework/src/Concerns/RoutesRequests.php(168): Laravel\\Lumen\\Application->sendThroughPipeline(Array, Object(Closure))
#13 /var/www/hcx/blog/vendor/laravel/lumen-framework/src/Concerns/RoutesRequests.php(107): Laravel\\Lumen\\Application->dispatch(NULL)
#14 /var/www/hcx/blog/public/index.php(28): Laravel\\Lumen\\Application->run()
#15 {main}
"} 
[2018-09-22 16:36:28] local.ERROR: Symfony\Component\Debug\Exception\FatalErrorException: Access level to App\MyFirstAPIClass::$table must be protected (as in class Illuminate\Database\Eloquent\Model) or weaker in /var/www/hcx/blog/app/Models/MyFirstAPIClass.php:0
Stack trace:
#0 /var/www/hcx/blog/vendor/laravel/lumen-framework/src/Concerns/RegistersExceptionHandlers.php(54): Laravel\Lumen\Application->handleShutdown()
#1 [internal function]: Laravel\Lumen\Application->Laravel\Lumen\Concerns\{closure}()
#2 {main} {"exception":"[object] (Symfony\\Component\\Debug\\Exception\\FatalErrorException(code: 64): Access level to App\\MyFirstAPIClass::$table must be protected (as in class Illuminate\\Database\\Eloquent\\Model) or weaker at /var/www/hcx/blog/app/Models/MyFirstAPIClass.php:0)
[stacktrace]
#0 /var/www/hcx/blog/vendor/laravel/lumen-framework/src/Concerns/RegistersExceptionHandlers.php(54): Laravel\\Lumen\\Application->handleShutdown()
#1 [internal function]: Laravel\\Lumen\\Application->Laravel\\Lumen\\Concerns\\{closure}()
#2 {main}
"} 
[2018-09-22 16:36:42] local.ERROR: Symfony\Component\Debug\Exception\FatalThrowableError: syntax error, unexpected ''title'' (T_CONSTANT_ENCAPSED_STRING), expecting ']' in /var/www/hcx/blog/app/Models/MyFirstAPIClass.php:46
Stack trace:
#0 /var/www/hcx/blog/vendor/composer/ClassLoader.php(322): Composer\Autoload\includeFile('/var/www/hcx/bl...')
#1 [internal function]: Composer\Autoload\ClassLoader->loadClass('App\\Models\\MyFi...')
#2 /var/www/hcx/blog/app/Http/Controllers/MyFirstAPIController.php(13): spl_autoload_call('App\\Models\\MyFi...')
#3 [internal function]: App\Http\Controllers\MyFirstAPIController->__construct()
#4 /var/www/hcx/blog/vendor/illuminate/container/Container.php(800): ReflectionClass->newInstanceArgs(Array)
#5 /var/www/hcx/blog/vendor/illuminate/container/Container.php(646): Illuminate\Container\Container->build('App\\Http\\Contro...')
#6 /var/www/hcx/blog/vendor/illuminate/container/Container.php(601): Illuminate\Container\Container->resolve('App\\Http\\Contro...', Array)
#7 /var/www/hcx/blog/vendor/laravel/lumen-framework/src/Application.php(259): Illuminate\Container\Container->make('App\\Http\\Contro...', Array)
#8 /var/www/hcx/blog/vendor/laravel/lumen-framework/src/Concerns/RoutesRequests.php(310): Laravel\Lumen\Application->make('App\\Http\\Contro...')
#9 /var/www/hcx/blog/vendor/laravel/lumen-framework/src/Concerns/RoutesRequests.php(277): Laravel\Lumen\Application->callControllerAction(Array)
#10 /var/www/hcx/blog/vendor/laravel/lumen-framework/src/Concerns/RoutesRequests.php(262): Laravel\Lumen\Application->callActionOnArrayBasedRoute(Array)
#11 /var/www/hcx/blog/vendor/laravel/lumen-framework/src/Concerns/RoutesRequests.php(162): Laravel\Lumen\Application->handleFoundRoute(Array)
#12 /var/www/hcx/blog/vendor/laravel/lumen-framework/src/Concerns/RoutesRequests.php(415): Laravel\Lumen\Application->Laravel\Lumen\Concerns\{closure}()
#13 /var/www/hcx/blog/vendor/laravel/lumen-framework/src/Concerns/RoutesRequests.php(168): Laravel\Lumen\Application->sendThroughPipeline(Array, Object(Closure))
#14 /var/www/hcx/blog/vendor/laravel/lumen-framework/src/Concerns/RoutesRequests.php(107): Laravel\Lumen\Application->dispatch(NULL)
#15 /var/www/hcx/blog/public/index.php(28): Laravel\Lumen\Application->run()
#16 {main} {"exception":"[object] (Symfony\\Component\\Debug\\Exception\\FatalThrowableError(code: 0): syntax error, unexpected ''title'' (T_CONSTANT_ENCAPSED_STRING), expecting ']' at /var/www/hcx/blog/app/Models/MyFirstAPIClass.php:46)
[stacktrace]
#0 /var/www/hcx/blog/vendor/composer/ClassLoader.php(322): Composer\\Autoload\\includeFile('/var/www/hcx/bl...')
#1 [internal function]: Composer\\Autoload\\ClassLoader->loadClass('App\\\\Models\\\\MyFi...')
#2 /var/www/hcx/blog/app/Http/Controllers/MyFirstAPIController.php(13): spl_autoload_call('App\\\\Models\\\\MyFi...')
#3 [internal function]: App\\Http\\Controllers\\MyFirstAPIController->__construct()
#4 /var/www/hcx/blog/vendor/illuminate/container/Container.php(800): ReflectionClass->newInstanceArgs(Array)
#5 /var/www/hcx/blog/vendor/illuminate/container/Container.php(646): Illuminate\\Container\\Container->build('App\\\\Http\\\\Contro...')
#6 /var/www/hcx/blog/vendor/illuminate/container/Container.php(601): Illuminate\\Container\\Container->resolve('App\\\\Http\\\\Contro...', Array)
#7 /var/www/hcx/blog/vendor/laravel/lumen-framework/src/Application.php(259): Illuminate\\Container\\Container->make('App\\\\Http\\\\Contro...', Array)
#8 /var/www/hcx/blog/vendor/laravel/lumen-framework/src/Concerns/RoutesRequests.php(310): Laravel\\Lumen\\Application->make('App\\\\Http\\\\Contro...')
#9 /var/www/hcx/blog/vendor/laravel/lumen-framework/src/Concerns/RoutesRequests.php(277): Laravel\\Lumen\\Application->callControllerAction(Array)
#10 /var/www/hcx/blog/vendor/laravel/lumen-framework/src/Concerns/RoutesRequests.php(262): Laravel\\Lumen\\Application->callActionOnArrayBasedRoute(Array)
#11 /var/www/hcx/blog/vendor/laravel/lumen-framework/src/Concerns/RoutesRequests.php(162): Laravel\\Lumen\\Application->handleFoundRoute(Array)
#12 /var/www/hcx/blog/vendor/laravel/lumen-framework/src/Concerns/RoutesRequests.php(415): Laravel\\Lumen\\Application->Laravel\\Lumen\\Concerns\\{closure}()
#13 /var/www/hcx/blog/vendor/laravel/lumen-framework/src/Concerns/RoutesRequests.php(168): Laravel\\Lumen\\Application->sendThroughPipeline(Array, Object(Closure))
#14 /var/www/hcx/blog/vendor/laravel/lumen-framework/src/Concerns/RoutesRequests.php(107): Laravel\\Lumen\\Application->dispatch(NULL)
#15 /var/www/hcx/blog/public/index.php(28): Laravel\\Lumen\\Application->run()
#16 {main}
"} 
[2018-09-22 16:36:57] local.ERROR: Symfony\Component\Debug\Exception\FatalThrowableError: Class 'App\Models\MyFirstAPIClass' not found in /var/www/hcx/blog/app/Http/Controllers/MyFirstAPIController.php:13
Stack trace:
#0 [internal function]: App\Http\Controllers\MyFirstAPIController->__construct()
#1 /var/www/hcx/blog/vendor/illuminate/container/Container.php(800): ReflectionClass->newInstanceArgs(Array)
#2 /var/www/hcx/blog/vendor/illuminate/container/Container.php(646): Illuminate\Container\Container->build('App\\Http\\Contro...')
#3 /var/www/hcx/blog/vendor/illuminate/container/Container.php(601): Illuminate\Container\Container->resolve('App\\Http\\Contro...', Array)
#4 /var/www/hcx/blog/vendor/laravel/lumen-framework/src/Application.php(259): Illuminate\Container\Container->make('App\\Http\\Contro...', Array)
#5 /var/www/hcx/blog/vendor/laravel/lumen-framework/src/Concerns/RoutesRequests.php(310): Laravel\Lumen\Application->make('App\\Http\\Contro...')
#6 /var/www/hcx/blog/vendor/laravel/lumen-framework/src/Concerns/RoutesRequests.php(277): Laravel\Lumen\Application->callControllerAction(Array)
#7 /var/www/hcx/blog/vendor/laravel/lumen-framework/src/Concerns/RoutesRequests.php(262): Laravel\Lumen\Application->callActionOnArrayBasedRoute(Array)
#8 /var/www/hcx/blog/vendor/laravel/lumen-framework/src/Concerns/RoutesRequests.php(162): Laravel\Lumen\Application->handleFoundRoute(Array)
#9 /var/www/hcx/blog/vendor/laravel/lumen-framework/src/Concerns/RoutesRequests.php(415): Laravel\Lumen\Application->Laravel\Lumen\Concerns\{closure}()
#10 /var/www/hcx/blog/vendor/laravel/lumen-framework/src/Concerns/RoutesRequests.php(168): Laravel\Lumen\Application->sendThroughPipeline(Array, Object(Closure))
#11 /var/www/hcx/blog/vendor/laravel/lumen-framework/src/Concerns/RoutesRequests.php(107): Laravel\Lumen\Application->dispatch(NULL)
#12 /var/www/hcx/blog/public/index.php(28): Laravel\Lumen\Application->run()
#13 {main} {"exception":"[object] (Symfony\\Component\\Debug\\Exception\\FatalThrowableError(code: 0): Class 'App\\Models\\MyFirstAPIClass' not found at /var/www/hcx/blog/app/Http/Controllers/MyFirstAPIController.php:13)
[stacktrace]
#0 [internal function]: App\\Http\\Controllers\\MyFirstAPIController->__construct()
#1 /var/www/hcx/blog/vendor/illuminate/container/Container.php(800): ReflectionClass->newInstanceArgs(Array)
#2 /var/www/hcx/blog/vendor/illuminate/container/Container.php(646): Illuminate\\Container\\Container->build('App\\\\Http\\\\Contro...')
#3 /var/www/hcx/blog/vendor/illuminate/container/Container.php(601): Illuminate\\Container\\Container->resolve('App\\\\Http\\\\Contro...', Array)
#4 /var/www/hcx/blog/vendor/laravel/lumen-framework/src/Application.php(259): Illuminate\\Container\\Container->make('App\\\\Http\\\\Contro...', Array)
#5 /var/www/hcx/blog/vendor/laravel/lumen-framework/src/Concerns/RoutesRequests.php(310): Laravel\\Lumen\\Application->make('App\\\\Http\\\\Contro...')
#6 /var/www/hcx/blog/vendor/laravel/lumen-framework/src/Concerns/RoutesRequests.php(277): Laravel\\Lumen\\Application->callControllerAction(Array)
#7 /var/www/hcx/blog/vendor/laravel/lumen-framework/src/Concerns/RoutesRequests.php(262): Laravel\\Lumen\\Application->callActionOnArrayBasedRoute(Array)
#8 /var/www/hcx/blog/vendor/laravel/lumen-framework/src/Concerns/RoutesRequests.php(162): Laravel\\Lumen\\Application->handleFoundRoute(Array)
#9 /var/www/hcx/blog/vendor/laravel/lumen-framework/src/Concerns/RoutesRequests.php(415): Laravel\\Lumen\\Application->Laravel\\Lumen\\Concerns\\{closure}()
#10 /var/www/hcx/blog/vendor/laravel/lumen-framework/src/Concerns/RoutesRequests.php(168): Laravel\\Lumen\\Application->sendThroughPipeline(Array, Object(Closure))
#11 /var/www/hcx/blog/vendor/laravel/lumen-framework/src/Concerns/RoutesRequests.php(107): Laravel\\Lumen\\Application->dispatch(NULL)
#12 /var/www/hcx/blog/public/index.php(28): Laravel\\Lumen\\Application->run()
#13 {main}
"} 
[2018-09-22 16:37:27] local.ERROR: Symfony\Component\Debug\Exception\FatalThrowableError: Argument 1 passed to Illuminate\Database\Query\Builder::insert() must be of the type array, string given, called in /var/www/hcx/blog/vendor/illuminate/database/Eloquent/Builder.php on line 1318 in /var/www/hcx/blog/vendor/illuminate/database/Query/Builder.php:2512
Stack trace:
#0 /var/www/hcx/blog/vendor/illuminate/database/Eloquent/Builder.php(1318): Illuminate\Database\Query\Builder->insert('posts', Array)
#1 /var/www/hcx/blog/vendor/illuminate/support/Traits/ForwardsCalls.php(23): Illuminate\Database\Eloquent\Builder->__call('insert', Array)
#2 /var/www/hcx/blog/vendor/illuminate/database/Eloquent/Model.php(1603): Illuminate\Database\Eloquent\Model->forwardCallTo(Object(Illuminate\Database\Eloquent\Builder), 'insert', Array)
#3 /var/www/hcx/blog/app/Models/MyFirstAPIClass.php(29): Illuminate\Database\Eloquent\Model->__call('insert', Array)
#4 /var/www/hcx/blog/app/Http/Controllers/MyFirstAPIController.php(108): App\Models\MyFirstAPIClass->create_item('Lorem Ipsump', 'My sample conte...')
#5 [internal function]: App\Http\Controllers\MyFirstAPIController->create_item(Object(Illuminate\Http\Request))
#6 /var/www/hcx/blog/vendor/illuminate/container/BoundMethod.php(29): call_user_func_array(Array, Array)
#7 /var/www/hcx/blog/vendor/illuminate/container/BoundMethod.php(87): Illuminate\Container\BoundMethod::Illuminate\Container\{closure}()
#8 /var/www/hcx/blog/vendor/illuminate/container/BoundMethod.php(31): Illuminate\Container\BoundMethod::callBoundMethod(Object(Laravel\Lumen\Application), Array, Object(Closure))
#9 /var/www/hcx/blog/vendor/illuminate/container/Container.php(564): Illuminate\Container\BoundMethod::call(Object(Laravel\Lumen\Application), Array, Array, NULL)
#10 /var/www/hcx/blog/vendor/laravel/lumen-framework/src/Concerns/RoutesRequests.php(375): Illuminate\Container\Container->call(Array, Array)
#11 /var/www/hcx/blog/vendor/laravel/lumen-framework/src/Concerns/RoutesRequests.php(341): Laravel\Lumen\Application->callControllerCallable(Array, Array)
#12 /var/www/hcx/blog/vendor/laravel/lumen-framework/src/Concerns/RoutesRequests.php(315): Laravel\Lumen\Application->callLumenController(Object(App\Http\Controllers\MyFirstAPIController), 'create_item', Array)
#13 /var/www/hcx/blog/vendor/laravel/lumen-framework/src/Concerns/RoutesRequests.php(277): Laravel\Lumen\Application->callControllerAction(Array)
#14 /var/www/hcx/blog/vendor/laravel/lumen-framework/src/Concerns/RoutesRequests.php(262): Laravel\Lumen\Application->callActionOnArrayBasedRoute(Array)
#15 /var/www/hcx/blog/vendor/laravel/lumen-framework/src/Concerns/RoutesRequests.php(162): Laravel\Lumen\Application->handleFoundRoute(Array)
#16 /var/www/hcx/blog/vendor/laravel/lumen-framework/src/Concerns/RoutesRequests.php(415): Laravel\Lumen\Application->Laravel\Lumen\Concerns\{closure}()
#17 /var/www/hcx/blog/vendor/laravel/lumen-framework/src/Concerns/RoutesRequests.php(168): Laravel\Lumen\Application->sendThroughPipeline(Array, Object(Closure))
#18 /var/www/hcx/blog/vendor/laravel/lumen-framework/src/Concerns/RoutesRequests.php(107): Laravel\Lumen\Application->dispatch(NULL)
#19 /var/www/hcx/blog/public/index.php(28): Laravel\Lumen\Application->run()
#20 {main} {"exception":"[object] (Symfony\\Component\\Debug\\Exception\\FatalThrowableError(code: 0): Argument 1 passed to Illuminate\\Database\\Query\\Builder::insert() must be of the type array, string given, called in /var/www/hcx/blog/vendor/illuminate/database/Eloquent/Builder.php on line 1318 at /var/www/hcx/blog/vendor/illuminate/database/Query/Builder.php:2512)
[stacktrace]
#0 /var/www/hcx/blog/vendor/illuminate/database/Eloquent/Builder.php(1318): Illuminate\\Database\\Query\\Builder->insert('posts', Array)
#1 /var/www/hcx/blog/vendor/illuminate/support/Traits/ForwardsCalls.php(23): Illuminate\\Database\\Eloquent\\Builder->__call('insert', Array)
#2 /var/www/hcx/blog/vendor/illuminate/database/Eloquent/Model.php(1603): Illuminate\\Database\\Eloquent\\Model->forwardCallTo(Object(Illuminate\\Database\\Eloquent\\Builder), 'insert', Array)
#3 /var/www/hcx/blog/app/Models/MyFirstAPIClass.php(29): Illuminate\\Database\\Eloquent\\Model->__call('insert', Array)
#4 /var/www/hcx/blog/app/Http/Controllers/MyFirstAPIController.php(108): App\\Models\\MyFirstAPIClass->create_item('Lorem Ipsump', 'My sample conte...')
#5 [internal function]: App\\Http\\Controllers\\MyFirstAPIController->create_item(Object(Illuminate\\Http\\Request))
#6 /var/www/hcx/blog/vendor/illuminate/container/BoundMethod.php(29): call_user_func_array(Array, Array)
#7 /var/www/hcx/blog/vendor/illuminate/container/BoundMethod.php(87): Illuminate\\Container\\BoundMethod::Illuminate\\Container\\{closure}()
#8 /var/www/hcx/blog/vendor/illuminate/container/BoundMethod.php(31): Illuminate\\Container\\BoundMethod::callBoundMethod(Object(Laravel\\Lumen\\Application), Array, Object(Closure))
#9 /var/www/hcx/blog/vendor/illuminate/container/Container.php(564): Illuminate\\Container\\BoundMethod::call(Object(Laravel\\Lumen\\Application), Array, Array, NULL)
#10 /var/www/hcx/blog/vendor/laravel/lumen-framework/src/Concerns/RoutesRequests.php(375): Illuminate\\Container\\Container->call(Array, Array)
#11 /var/www/hcx/blog/vendor/laravel/lumen-framework/src/Concerns/RoutesRequests.php(341): Laravel\\Lumen\\Application->callControllerCallable(Array, Array)
#12 /var/www/hcx/blog/vendor/laravel/lumen-framework/src/Concerns/RoutesRequests.php(315): Laravel\\Lumen\\Application->callLumenController(Object(App\\Http\\Controllers\\MyFirstAPIController), 'create_item', Array)
#13 /var/www/hcx/blog/vendor/laravel/lumen-framework/src/Concerns/RoutesRequests.php(277): Laravel\\Lumen\\Application->callControllerAction(Array)
#14 /var/www/hcx/blog/vendor/laravel/lumen-framework/src/Concerns/RoutesRequests.php(262): Laravel\\Lumen\\Application->callActionOnArrayBasedRoute(Array)
#15 /var/www/hcx/blog/vendor/laravel/lumen-framework/src/Concerns/RoutesRequests.php(162): Laravel\\Lumen\\Application->handleFoundRoute(Array)
#16 /var/www/hcx/blog/vendor/laravel/lumen-framework/src/Concerns/RoutesRequests.php(415): Laravel\\Lumen\\Application->Laravel\\Lumen\\Concerns\\{closure}()
#17 /var/www/hcx/blog/vendor/laravel/lumen-framework/src/Concerns/RoutesRequests.php(168): Laravel\\Lumen\\Application->sendThroughPipeline(Array, Object(Closure))
#18 /var/www/hcx/blog/vendor/laravel/lumen-framework/src/Concerns/RoutesRequests.php(107): Laravel\\Lumen\\Application->dispatch(NULL)
#19 /var/www/hcx/blog/public/index.php(28): Laravel\\Lumen\\Application->run()
#20 {main}
"} 
[2018-09-22 16:54:44] local.ERROR: Symfony\Component\Debug\Exception\FatalThrowableError: Class 'App\Models\Exception' not found in /var/www/hcx/blog/app/Models/MyFirstAPIClass.php:54
Stack trace:
#0 /var/www/hcx/blog/app/Http/Controllers/MyFirstAPIController.php(87): App\Models\MyFirstAPIClass->update_item(NULL, NULL, NULL)
#1 [internal function]: App\Http\Controllers\MyFirstAPIController->update_item(Object(Illuminate\Http\Request), '1')
#2 /var/www/hcx/blog/vendor/illuminate/container/BoundMethod.php(29): call_user_func_array(Array, Array)
#3 /var/www/hcx/blog/vendor/illuminate/container/BoundMethod.php(87): Illuminate\Container\BoundMethod::Illuminate\Container\{closure}()
#4 /var/www/hcx/blog/vendor/illuminate/container/BoundMethod.php(31): Illuminate\Container\BoundMethod::callBoundMethod(Object(Laravel\Lumen\Application), Array, Object(Closure))
#5 /var/www/hcx/blog/vendor/illuminate/container/Container.php(564): Illuminate\Container\BoundMethod::call(Object(Laravel\Lumen\Application), Array, Array, NULL)
#6 /var/www/hcx/blog/vendor/laravel/lumen-framework/src/Concerns/RoutesRequests.php(375): Illuminate\Container\Container->call(Array, Array)
#7 /var/www/hcx/blog/vendor/laravel/lumen-framework/src/Concerns/RoutesRequests.php(341): Laravel\Lumen\Application->callControllerCallable(Array, Array)
#8 /var/www/hcx/blog/vendor/laravel/lumen-framework/src/Concerns/RoutesRequests.php(315): Laravel\Lumen\Application->callLumenController(Object(App\Http\Controllers\MyFirstAPIController), 'update_item', Array)
#9 /var/www/hcx/blog/vendor/laravel/lumen-framework/src/Concerns/RoutesRequests.php(277): Laravel\Lumen\Application->callControllerAction(Array)
#10 /var/www/hcx/blog/vendor/laravel/lumen-framework/src/Concerns/RoutesRequests.php(262): Laravel\Lumen\Application->callActionOnArrayBasedRoute(Array)
#11 /var/www/hcx/blog/vendor/laravel/lumen-framework/src/Concerns/RoutesRequests.php(232): Laravel\Lumen\Application->handleFoundRoute(Array)
#12 /var/www/hcx/blog/vendor/laravel/lumen-framework/src/Concerns/RoutesRequests.php(166): Laravel\Lumen\Application->handleDispatcherResponse(Array)
#13 /var/www/hcx/blog/vendor/laravel/lumen-framework/src/Concerns/RoutesRequests.php(415): Laravel\Lumen\Application->Laravel\Lumen\Concerns\{closure}()
#14 /var/www/hcx/blog/vendor/laravel/lumen-framework/src/Concerns/RoutesRequests.php(168): Laravel\Lumen\Application->sendThroughPipeline(Array, Object(Closure))
#15 /var/www/hcx/blog/vendor/laravel/lumen-framework/src/Concerns/RoutesRequests.php(107): Laravel\Lumen\Application->dispatch(NULL)
#16 /var/www/hcx/blog/public/index.php(28): Laravel\Lumen\Application->run()
#17 {main} {"exception":"[object] (Symfony\\Component\\Debug\\Exception\\FatalThrowableError(code: 0): Class 'App\\Models\\Exception' not found at /var/www/hcx/blog/app/Models/MyFirstAPIClass.php:54)
[stacktrace]
#0 /var/www/hcx/blog/app/Http/Controllers/MyFirstAPIController.php(87): App\\Models\\MyFirstAPIClass->update_item(NULL, NULL, NULL)
#1 [internal function]: App\\Http\\Controllers\\MyFirstAPIController->update_item(Object(Illuminate\\Http\\Request), '1')
#2 /var/www/hcx/blog/vendor/illuminate/container/BoundMethod.php(29): call_user_func_array(Array, Array)
#3 /var/www/hcx/blog/vendor/illuminate/container/BoundMethod.php(87): Illuminate\\Container\\BoundMethod::Illuminate\\Container\\{closure}()
#4 /var/www/hcx/blog/vendor/illuminate/container/BoundMethod.php(31): Illuminate\\Container\\BoundMethod::callBoundMethod(Object(Laravel\\Lumen\\Application), Array, Object(Closure))
#5 /var/www/hcx/blog/vendor/illuminate/container/Container.php(564): Illuminate\\Container\\BoundMethod::call(Object(Laravel\\Lumen\\Application), Array, Array, NULL)
#6 /var/www/hcx/blog/vendor/laravel/lumen-framework/src/Concerns/RoutesRequests.php(375): Illuminate\\Container\\Container->call(Array, Array)
#7 /var/www/hcx/blog/vendor/laravel/lumen-framework/src/Concerns/RoutesRequests.php(341): Laravel\\Lumen\\Application->callControllerCallable(Array, Array)
#8 /var/www/hcx/blog/vendor/laravel/lumen-framework/src/Concerns/RoutesRequests.php(315): Laravel\\Lumen\\Application->callLumenController(Object(App\\Http\\Controllers\\MyFirstAPIController), 'update_item', Array)
#9 /var/www/hcx/blog/vendor/laravel/lumen-framework/src/Concerns/RoutesRequests.php(277): Laravel\\Lumen\\Application->callControllerAction(Array)
#10 /var/www/hcx/blog/vendor/laravel/lumen-framework/src/Concerns/RoutesRequests.php(262): Laravel\\Lumen\\Application->callActionOnArrayBasedRoute(Array)
#11 /var/www/hcx/blog/vendor/laravel/lumen-framework/src/Concerns/RoutesRequests.php(232): Laravel\\Lumen\\Application->handleFoundRoute(Array)
#12 /var/www/hcx/blog/vendor/laravel/lumen-framework/src/Concerns/RoutesRequests.php(166): Laravel\\Lumen\\Application->handleDispatcherResponse(Array)
#13 /var/www/hcx/blog/vendor/laravel/lumen-framework/src/Concerns/RoutesRequests.php(415): Laravel\\Lumen\\Application->Laravel\\Lumen\\Concerns\\{closure}()
#14 /var/www/hcx/blog/vendor/laravel/lumen-framework/src/Concerns/RoutesRequests.php(168): Laravel\\Lumen\\Application->sendThroughPipeline(Array, Object(Closure))
#15 /var/www/hcx/blog/vendor/laravel/lumen-framework/src/Concerns/RoutesRequests.php(107): Laravel\\Lumen\\Application->dispatch(NULL)
#16 /var/www/hcx/blog/public/index.php(28): Laravel\\Lumen\\Application->run()
#17 {main}
"} 
[2018-09-22 16:55:16] local.ERROR: Symfony\Component\Debug\Exception\FatalThrowableError: Class 'App\Models\Exception' not found in /var/www/hcx/blog/app/Models/MyFirstAPIClass.php:54
Stack trace:
#0 /var/www/hcx/blog/app/Http/Controllers/MyFirstAPIController.php(86): App\Models\MyFirstAPIClass->update_item('1', NULL, NULL)
#1 [internal function]: App\Http\Controllers\MyFirstAPIController->update_item(Object(Illuminate\Http\Request), '1')
#2 /var/www/hcx/blog/vendor/illuminate/container/BoundMethod.php(29): call_user_func_array(Array, Array)
#3 /var/www/hcx/blog/vendor/illuminate/container/BoundMethod.php(87): Illuminate\Container\BoundMethod::Illuminate\Container\{closure}()
#4 /var/www/hcx/blog/vendor/illuminate/container/BoundMethod.php(31): Illuminate\Container\BoundMethod::callBoundMethod(Object(Laravel\Lumen\Application), Array, Object(Closure))
#5 /var/www/hcx/blog/vendor/illuminate/container/Container.php(564): Illuminate\Container\BoundMethod::call(Object(Laravel\Lumen\Application), Array, Array, NULL)
#6 /var/www/hcx/blog/vendor/laravel/lumen-framework/src/Concerns/RoutesRequests.php(375): Illuminate\Container\Container->call(Array, Array)
#7 /var/www/hcx/blog/vendor/laravel/lumen-framework/src/Concerns/RoutesRequests.php(341): Laravel\Lumen\Application->callControllerCallable(Array, Array)
#8 /var/www/hcx/blog/vendor/laravel/lumen-framework/src/Concerns/RoutesRequests.php(315): Laravel\Lumen\Application->callLumenController(Object(App\Http\Controllers\MyFirstAPIController), 'update_item', Array)
#9 /var/www/hcx/blog/vendor/laravel/lumen-framework/src/Concerns/RoutesRequests.php(277): Laravel\Lumen\Application->callControllerAction(Array)
#10 /var/www/hcx/blog/vendor/laravel/lumen-framework/src/Concerns/RoutesRequests.php(262): Laravel\Lumen\Application->callActionOnArrayBasedRoute(Array)
#11 /var/www/hcx/blog/vendor/laravel/lumen-framework/src/Concerns/RoutesRequests.php(232): Laravel\Lumen\Application->handleFoundRoute(Array)
#12 /var/www/hcx/blog/vendor/laravel/lumen-framework/src/Concerns/RoutesRequests.php(166): Laravel\Lumen\Application->handleDispatcherResponse(Array)
#13 /var/www/hcx/blog/vendor/laravel/lumen-framework/src/Concerns/RoutesRequests.php(415): Laravel\Lumen\Application->Laravel\Lumen\Concerns\{closure}()
#14 /var/www/hcx/blog/vendor/laravel/lumen-framework/src/Concerns/RoutesRequests.php(168): Laravel\Lumen\Application->sendThroughPipeline(Array, Object(Closure))
#15 /var/www/hcx/blog/vendor/laravel/lumen-framework/src/Concerns/RoutesRequests.php(107): Laravel\Lumen\Application->dispatch(NULL)
#16 /var/www/hcx/blog/public/index.php(28): Laravel\Lumen\Application->run()
#17 {main} {"exception":"[object] (Symfony\\Component\\Debug\\Exception\\FatalThrowableError(code: 0): Class 'App\\Models\\Exception' not found at /var/www/hcx/blog/app/Models/MyFirstAPIClass.php:54)
[stacktrace]
#0 /var/www/hcx/blog/app/Http/Controllers/MyFirstAPIController.php(86): App\\Models\\MyFirstAPIClass->update_item('1', NULL, NULL)
#1 [internal function]: App\\Http\\Controllers\\MyFirstAPIController->update_item(Object(Illuminate\\Http\\Request), '1')
#2 /var/www/hcx/blog/vendor/illuminate/container/BoundMethod.php(29): call_user_func_array(Array, Array)
#3 /var/www/hcx/blog/vendor/illuminate/container/BoundMethod.php(87): Illuminate\\Container\\BoundMethod::Illuminate\\Container\\{closure}()
#4 /var/www/hcx/blog/vendor/illuminate/container/BoundMethod.php(31): Illuminate\\Container\\BoundMethod::callBoundMethod(Object(Laravel\\Lumen\\Application), Array, Object(Closure))
#5 /var/www/hcx/blog/vendor/illuminate/container/Container.php(564): Illuminate\\Container\\BoundMethod::call(Object(Laravel\\Lumen\\Application), Array, Array, NULL)
#6 /var/www/hcx/blog/vendor/laravel/lumen-framework/src/Concerns/RoutesRequests.php(375): Illuminate\\Container\\Container->call(Array, Array)
#7 /var/www/hcx/blog/vendor/laravel/lumen-framework/src/Concerns/RoutesRequests.php(341): Laravel\\Lumen\\Application->callControllerCallable(Array, Array)
#8 /var/www/hcx/blog/vendor/laravel/lumen-framework/src/Concerns/RoutesRequests.php(315): Laravel\\Lumen\\Application->callLumenController(Object(App\\Http\\Controllers\\MyFirstAPIController), 'update_item', Array)
#9 /var/www/hcx/blog/vendor/laravel/lumen-framework/src/Concerns/RoutesRequests.php(277): Laravel\\Lumen\\Application->callControllerAction(Array)
#10 /var/www/hcx/blog/vendor/laravel/lumen-framework/src/Concerns/RoutesRequests.php(262): Laravel\\Lumen\\Application->callActionOnArrayBasedRoute(Array)
#11 /var/www/hcx/blog/vendor/laravel/lumen-framework/src/Concerns/RoutesRequests.php(232): Laravel\\Lumen\\Application->handleFoundRoute(Array)
#12 /var/www/hcx/blog/vendor/laravel/lumen-framework/src/Concerns/RoutesRequests.php(166): Laravel\\Lumen\\Application->handleDispatcherResponse(Array)
#13 /var/www/hcx/blog/vendor/laravel/lumen-framework/src/Concerns/RoutesRequests.php(415): Laravel\\Lumen\\Application->Laravel\\Lumen\\Concerns\\{closure}()
#14 /var/www/hcx/blog/vendor/laravel/lumen-framework/src/Concerns/RoutesRequests.php(168): Laravel\\Lumen\\Application->sendThroughPipeline(Array, Object(Closure))
#15 /var/www/hcx/blog/vendor/laravel/lumen-framework/src/Concerns/RoutesRequests.php(107): Laravel\\Lumen\\Application->dispatch(NULL)
#16 /var/www/hcx/blog/public/index.php(28): Laravel\\Lumen\\Application->run()
#17 {main}
"} 
[2018-09-22 17:04:53] local.ERROR: Symfony\Component\Debug\Exception\FatalThrowableError: Argument 1 passed to Illuminate\Database\Grammar::columnize() must be of the type array, string given, called in /var/www/hcx/blog/vendor/illuminate/database/Query/Grammars/Grammar.php on line 133 in /var/www/hcx/blog/vendor/illuminate/database/Grammar.php:127
Stack trace:
#0 /var/www/hcx/blog/vendor/illuminate/database/Query/Grammars/Grammar.php(133): Illuminate\Database\Grammar->columnize('1')
#1 /var/www/hcx/blog/vendor/illuminate/database/Query/Grammars/Grammar.php(87): Illuminate\Database\Query\Grammars\Grammar->compileColumns(Object(Illuminate\Database\Query\Builder), '1')
#2 /var/www/hcx/blog/vendor/illuminate/database/Query/Grammars/Grammar.php(62): Illuminate\Database\Query\Grammars\Grammar->compileComponents(Object(Illuminate\Database\Query\Builder))
#3 /var/www/hcx/blog/vendor/illuminate/database/Query/Grammars/MySqlGrammar.php(46): Illuminate\Database\Query\Grammars\Grammar->compileSelect(Object(Illuminate\Database\Query\Builder))
#4 /var/www/hcx/blog/vendor/illuminate/database/Query/Builder.php(1978): Illuminate\Database\Query\Grammars\MySqlGrammar->compileSelect(Object(Illuminate\Database\Query\Builder))
#5 /var/www/hcx/blog/vendor/illuminate/database/Query/Builder.php(2027): Illuminate\Database\Query\Builder->toSql()
#6 /var/www/hcx/blog/vendor/illuminate/database/Query/Builder.php(2015): Illuminate\Database\Query\Builder->runSelect()
#7 /var/www/hcx/blog/vendor/illuminate/database/Query/Builder.php(2499): Illuminate\Database\Query\Builder->Illuminate\Database\Query\{closure}()
#8 /var/www/hcx/blog/vendor/illuminate/database/Query/Builder.php(2016): Illuminate\Database\Query\Builder->onceWithColumns('1', Object(Closure))
#9 /var/www/hcx/blog/vendor/illuminate/database/Eloquent/Builder.php(516): Illuminate\Database\Query\Builder->get('1')
#10 /var/www/hcx/blog/vendor/illuminate/database/Eloquent/Builder.php(500): Illuminate\Database\Eloquent\Builder->getModels('1')
#11 /var/www/hcx/blog/vendor/illuminate/database/Concerns/BuildsQueries.php(77): Illuminate\Database\Eloquent\Builder->get('1')
#12 /var/www/hcx/blog/vendor/illuminate/support/Traits/ForwardsCalls.php(23): Illuminate\Database\Eloquent\Builder->first('1')
#13 /var/www/hcx/blog/vendor/illuminate/database/Eloquent/Model.php(1603): Illuminate\Database\Eloquent\Model->forwardCallTo(Object(Illuminate\Database\Eloquent\Builder), 'first', Array)
#14 /var/www/hcx/blog/app/Models/MyFirstAPIClass.php(105): Illuminate\Database\Eloquent\Model->__call('first', Array)
#15 /var/www/hcx/blog/app/Http/Controllers/MyFirstAPIController.php(43): App\Models\MyFirstAPIClass->get_item('1')
#16 [internal function]: App\Http\Controllers\MyFirstAPIController->get_item(Object(Illuminate\Http\Request), '1')
#17 /var/www/hcx/blog/vendor/illuminate/container/BoundMethod.php(29): call_user_func_array(Array, Array)
#18 /var/www/hcx/blog/vendor/illuminate/container/BoundMethod.php(87): Illuminate\Container\BoundMethod::Illuminate\Container\{closure}()
#19 /var/www/hcx/blog/vendor/illuminate/container/BoundMethod.php(31): Illuminate\Container\BoundMethod::callBoundMethod(Object(Laravel\Lumen\Application), Array, Object(Closure))
#20 /var/www/hcx/blog/vendor/illuminate/container/Container.php(564): Illuminate\Container\BoundMethod::call(Object(Laravel\Lumen\Application), Array, Array, NULL)
#21 /var/www/hcx/blog/vendor/laravel/lumen-framework/src/Concerns/RoutesRequests.php(375): Illuminate\Container\Container->call(Array, Array)
#22 /var/www/hcx/blog/vendor/laravel/lumen-framework/src/Concerns/RoutesRequests.php(341): Laravel\Lumen\Application->callControllerCallable(Array, Array)
#23 /var/www/hcx/blog/vendor/laravel/lumen-framework/src/Concerns/RoutesRequests.php(315): Laravel\Lumen\Application->callLumenController(Object(App\Http\Controllers\MyFirstAPIController), 'get_item', Array)
#24 /var/www/hcx/blog/vendor/laravel/lumen-framework/src/Concerns/RoutesRequests.php(277): Laravel\Lumen\Application->callControllerAction(Array)
#25 /var/www/hcx/blog/vendor/laravel/lumen-framework/src/Concerns/RoutesRequests.php(262): Laravel\Lumen\Application->callActionOnArrayBasedRoute(Array)
#26 /var/www/hcx/blog/vendor/laravel/lumen-framework/src/Concerns/RoutesRequests.php(232): Laravel\Lumen\Application->handleFoundRoute(Array)
#27 /var/www/hcx/blog/vendor/laravel/lumen-framework/src/Concerns/RoutesRequests.php(166): Laravel\Lumen\Application->handleDispatcherResponse(Array)
#28 /var/www/hcx/blog/vendor/laravel/lumen-framework/src/Concerns/RoutesRequests.php(415): Laravel\Lumen\Application->Laravel\Lumen\Concerns\{closure}()
#29 /var/www/hcx/blog/vendor/laravel/lumen-framework/src/Concerns/RoutesRequests.php(168): Laravel\Lumen\Application->sendThroughPipeline(Array, Object(Closure))
#30 /var/www/hcx/blog/vendor/laravel/lumen-framework/src/Concerns/RoutesRequests.php(107): Laravel\Lumen\Application->dispatch(NULL)
#31 /var/www/hcx/blog/public/index.php(28): Laravel\Lumen\Application->run()
#32 {main} {"exception":"[object] (Symfony\\Component\\Debug\\Exception\\FatalThrowableError(code: 0): Argument 1 passed to Illuminate\\Database\\Grammar::columnize() must be of the type array, string given, called in /var/www/hcx/blog/vendor/illuminate/database/Query/Grammars/Grammar.php on line 133 at /var/www/hcx/blog/vendor/illuminate/database/Grammar.php:127)
[stacktrace]
#0 /var/www/hcx/blog/vendor/illuminate/database/Query/Grammars/Grammar.php(133): Illuminate\\Database\\Grammar->columnize('1')
#1 /var/www/hcx/blog/vendor/illuminate/database/Query/Grammars/Grammar.php(87): Illuminate\\Database\\Query\\Grammars\\Grammar->compileColumns(Object(Illuminate\\Database\\Query\\Builder), '1')
#2 /var/www/hcx/blog/vendor/illuminate/database/Query/Grammars/Grammar.php(62): Illuminate\\Database\\Query\\Grammars\\Grammar->compileComponents(Object(Illuminate\\Database\\Query\\Builder))
#3 /var/www/hcx/blog/vendor/illuminate/database/Query/Grammars/MySqlGrammar.php(46): Illuminate\\Database\\Query\\Grammars\\Grammar->compileSelect(Object(Illuminate\\Database\\Query\\Builder))
#4 /var/www/hcx/blog/vendor/illuminate/database/Query/Builder.php(1978): Illuminate\\Database\\Query\\Grammars\\MySqlGrammar->compileSelect(Object(Illuminate\\Database\\Query\\Builder))
#5 /var/www/hcx/blog/vendor/illuminate/database/Query/Builder.php(2027): Illuminate\\Database\\Query\\Builder->toSql()
#6 /var/www/hcx/blog/vendor/illuminate/database/Query/Builder.php(2015): Illuminate\\Database\\Query\\Builder->runSelect()
#7 /var/www/hcx/blog/vendor/illuminate/database/Query/Builder.php(2499): Illuminate\\Database\\Query\\Builder->Illuminate\\Database\\Query\\{closure}()
#8 /var/www/hcx/blog/vendor/illuminate/database/Query/Builder.php(2016): Illuminate\\Database\\Query\\Builder->onceWithColumns('1', Object(Closure))
#9 /var/www/hcx/blog/vendor/illuminate/database/Eloquent/Builder.php(516): Illuminate\\Database\\Query\\Builder->get('1')
#10 /var/www/hcx/blog/vendor/illuminate/database/Eloquent/Builder.php(500): Illuminate\\Database\\Eloquent\\Builder->getModels('1')
#11 /var/www/hcx/blog/vendor/illuminate/database/Concerns/BuildsQueries.php(77): Illuminate\\Database\\Eloquent\\Builder->get('1')
#12 /var/www/hcx/blog/vendor/illuminate/support/Traits/ForwardsCalls.php(23): Illuminate\\Database\\Eloquent\\Builder->first('1')
#13 /var/www/hcx/blog/vendor/illuminate/database/Eloquent/Model.php(1603): Illuminate\\Database\\Eloquent\\Model->forwardCallTo(Object(Illuminate\\Database\\Eloquent\\Builder), 'first', Array)
#14 /var/www/hcx/blog/app/Models/MyFirstAPIClass.php(105): Illuminate\\Database\\Eloquent\\Model->__call('first', Array)
#15 /var/www/hcx/blog/app/Http/Controllers/MyFirstAPIController.php(43): App\\Models\\MyFirstAPIClass->get_item('1')
#16 [internal function]: App\\Http\\Controllers\\MyFirstAPIController->get_item(Object(Illuminate\\Http\\Request), '1')
#17 /var/www/hcx/blog/vendor/illuminate/container/BoundMethod.php(29): call_user_func_array(Array, Array)
#18 /var/www/hcx/blog/vendor/illuminate/container/BoundMethod.php(87): Illuminate\\Container\\BoundMethod::Illuminate\\Container\\{closure}()
#19 /var/www/hcx/blog/vendor/illuminate/container/BoundMethod.php(31): Illuminate\\Container\\BoundMethod::callBoundMethod(Object(Laravel\\Lumen\\Application), Array, Object(Closure))
#20 /var/www/hcx/blog/vendor/illuminate/container/Container.php(564): Illuminate\\Container\\BoundMethod::call(Object(Laravel\\Lumen\\Application), Array, Array, NULL)
#21 /var/www/hcx/blog/vendor/laravel/lumen-framework/src/Concerns/RoutesRequests.php(375): Illuminate\\Container\\Container->call(Array, Array)
#22 /var/www/hcx/blog/vendor/laravel/lumen-framework/src/Concerns/RoutesRequests.php(341): Laravel\\Lumen\\Application->callControllerCallable(Array, Array)
#23 /var/www/hcx/blog/vendor/laravel/lumen-framework/src/Concerns/RoutesRequests.php(315): Laravel\\Lumen\\Application->callLumenController(Object(App\\Http\\Controllers\\MyFirstAPIController), 'get_item', Array)
#24 /var/www/hcx/blog/vendor/laravel/lumen-framework/src/Concerns/RoutesRequests.php(277): Laravel\\Lumen\\Application->callControllerAction(Array)
#25 /var/www/hcx/blog/vendor/laravel/lumen-framework/src/Concerns/RoutesRequests.php(262): Laravel\\Lumen\\Application->callActionOnArrayBasedRoute(Array)
#26 /var/www/hcx/blog/vendor/laravel/lumen-framework/src/Concerns/RoutesRequests.php(232): Laravel\\Lumen\\Application->handleFoundRoute(Array)
#27 /var/www/hcx/blog/vendor/laravel/lumen-framework/src/Concerns/RoutesRequests.php(166): Laravel\\Lumen\\Application->handleDispatcherResponse(Array)
#28 /var/www/hcx/blog/vendor/laravel/lumen-framework/src/Concerns/RoutesRequests.php(415): Laravel\\Lumen\\Application->Laravel\\Lumen\\Concerns\\{closure}()
#29 /var/www/hcx/blog/vendor/laravel/lumen-framework/src/Concerns/RoutesRequests.php(168): Laravel\\Lumen\\Application->sendThroughPipeline(Array, Object(Closure))
#30 /var/www/hcx/blog/vendor/laravel/lumen-framework/src/Concerns/RoutesRequests.php(107): Laravel\\Lumen\\Application->dispatch(NULL)
#31 /var/www/hcx/blog/public/index.php(28): Laravel\\Lumen\\Application->run()
#32 {main}
"} 
[2018-09-22 17:06:21] local.ERROR: Symfony\Component\Debug\Exception\FatalThrowableError: Argument 1 passed to Illuminate\Database\Grammar::columnize() must be of the type array, string given, called in /var/www/hcx/blog/vendor/illuminate/database/Query/Grammars/Grammar.php on line 133 in /var/www/hcx/blog/vendor/illuminate/database/Grammar.php:127
Stack trace:
#0 /var/www/hcx/blog/vendor/illuminate/database/Query/Grammars/Grammar.php(133): Illuminate\Database\Grammar->columnize('1')
#1 /var/www/hcx/blog/vendor/illuminate/database/Query/Grammars/Grammar.php(87): Illuminate\Database\Query\Grammars\Grammar->compileColumns(Object(Illuminate\Database\Query\Builder), '1')
#2 /var/www/hcx/blog/vendor/illuminate/database/Query/Grammars/Grammar.php(62): Illuminate\Database\Query\Grammars\Grammar->compileComponents(Object(Illuminate\Database\Query\Builder))
#3 /var/www/hcx/blog/vendor/illuminate/database/Query/Grammars/MySqlGrammar.php(46): Illuminate\Database\Query\Grammars\Grammar->compileSelect(Object(Illuminate\Database\Query\Builder))
#4 /var/www/hcx/blog/vendor/illuminate/database/Query/Builder.php(1978): Illuminate\Database\Query\Grammars\MySqlGrammar->compileSelect(Object(Illuminate\Database\Query\Builder))
#5 /var/www/hcx/blog/vendor/illuminate/database/Query/Builder.php(2027): Illuminate\Database\Query\Builder->toSql()
#6 /var/www/hcx/blog/vendor/illuminate/database/Query/Builder.php(2015): Illuminate\Database\Query\Builder->runSelect()
#7 /var/www/hcx/blog/vendor/illuminate/database/Query/Builder.php(2499): Illuminate\Database\Query\Builder->Illuminate\Database\Query\{closure}()
#8 /var/www/hcx/blog/vendor/illuminate/database/Query/Builder.php(2016): Illuminate\Database\Query\Builder->onceWithColumns('1', Object(Closure))
#9 /var/www/hcx/blog/vendor/illuminate/database/Eloquent/Builder.php(516): Illuminate\Database\Query\Builder->get('1')
#10 /var/www/hcx/blog/vendor/illuminate/database/Eloquent/Builder.php(500): Illuminate\Database\Eloquent\Builder->getModels('1')
#11 /var/www/hcx/blog/vendor/illuminate/database/Concerns/BuildsQueries.php(77): Illuminate\Database\Eloquent\Builder->get('1')
#12 /var/www/hcx/blog/vendor/illuminate/support/Traits/ForwardsCalls.php(23): Illuminate\Database\Eloquent\Builder->first('1')
#13 /var/www/hcx/blog/vendor/illuminate/database/Eloquent/Model.php(1603): Illuminate\Database\Eloquent\Model->forwardCallTo(Object(Illuminate\Database\Eloquent\Builder), 'first', Array)
#14 /var/www/hcx/blog/app/Models/MyFirstAPIClass.php(105): Illuminate\Database\Eloquent\Model->__call('first', Array)
#15 /var/www/hcx/blog/app/Http/Controllers/MyFirstAPIController.php(43): App\Models\MyFirstAPIClass->get_item('1')
#16 [internal function]: App\Http\Controllers\MyFirstAPIController->get_item(Object(Illuminate\Http\Request), '1')
#17 /var/www/hcx/blog/vendor/illuminate/container/BoundMethod.php(29): call_user_func_array(Array, Array)
#18 /var/www/hcx/blog/vendor/illuminate/container/BoundMethod.php(87): Illuminate\Container\BoundMethod::Illuminate\Container\{closure}()
#19 /var/www/hcx/blog/vendor/illuminate/container/BoundMethod.php(31): Illuminate\Container\BoundMethod::callBoundMethod(Object(Laravel\Lumen\Application), Array, Object(Closure))
#20 /var/www/hcx/blog/vendor/illuminate/container/Container.php(564): Illuminate\Container\BoundMethod::call(Object(Laravel\Lumen\Application), Array, Array, NULL)
#21 /var/www/hcx/blog/vendor/laravel/lumen-framework/src/Concerns/RoutesRequests.php(375): Illuminate\Container\Container->call(Array, Array)
#22 /var/www/hcx/blog/vendor/laravel/lumen-framework/src/Concerns/RoutesRequests.php(341): Laravel\Lumen\Application->callControllerCallable(Array, Array)
#23 /var/www/hcx/blog/vendor/laravel/lumen-framework/src/Concerns/RoutesRequests.php(315): Laravel\Lumen\Application->callLumenController(Object(App\Http\Controllers\MyFirstAPIController), 'get_item', Array)
#24 /var/www/hcx/blog/vendor/laravel/lumen-framework/src/Concerns/RoutesRequests.php(277): Laravel\Lumen\Application->callControllerAction(Array)
#25 /var/www/hcx/blog/vendor/laravel/lumen-framework/src/Concerns/RoutesRequests.php(262): Laravel\Lumen\Application->callActionOnArrayBasedRoute(Array)
#26 /var/www/hcx/blog/vendor/laravel/lumen-framework/src/Concerns/RoutesRequests.php(232): Laravel\Lumen\Application->handleFoundRoute(Array)
#27 /var/www/hcx/blog/vendor/laravel/lumen-framework/src/Concerns/RoutesRequests.php(166): Laravel\Lumen\Application->handleDispatcherResponse(Array)
#28 /var/www/hcx/blog/vendor/laravel/lumen-framework/src/Concerns/RoutesRequests.php(415): Laravel\Lumen\Application->Laravel\Lumen\Concerns\{closure}()
#29 /var/www/hcx/blog/vendor/laravel/lumen-framework/src/Concerns/RoutesRequests.php(168): Laravel\Lumen\Application->sendThroughPipeline(Array, Object(Closure))
#30 /var/www/hcx/blog/vendor/laravel/lumen-framework/src/Concerns/RoutesRequests.php(107): Laravel\Lumen\Application->dispatch(NULL)
#31 /var/www/hcx/blog/public/index.php(28): Laravel\Lumen\Application->run()
#32 {main} {"exception":"[object] (Symfony\\Component\\Debug\\Exception\\FatalThrowableError(code: 0): Argument 1 passed to Illuminate\\Database\\Grammar::columnize() must be of the type array, string given, called in /var/www/hcx/blog/vendor/illuminate/database/Query/Grammars/Grammar.php on line 133 at /var/www/hcx/blog/vendor/illuminate/database/Grammar.php:127)
[stacktrace]
#0 /var/www/hcx/blog/vendor/illuminate/database/Query/Grammars/Grammar.php(133): Illuminate\\Database\\Grammar->columnize('1')
#1 /var/www/hcx/blog/vendor/illuminate/database/Query/Grammars/Grammar.php(87): Illuminate\\Database\\Query\\Grammars\\Grammar->compileColumns(Object(Illuminate\\Database\\Query\\Builder), '1')
#2 /var/www/hcx/blog/vendor/illuminate/database/Query/Grammars/Grammar.php(62): Illuminate\\Database\\Query\\Grammars\\Grammar->compileComponents(Object(Illuminate\\Database\\Query\\Builder))
#3 /var/www/hcx/blog/vendor/illuminate/database/Query/Grammars/MySqlGrammar.php(46): Illuminate\\Database\\Query\\Grammars\\Grammar->compileSelect(Object(Illuminate\\Database\\Query\\Builder))
#4 /var/www/hcx/blog/vendor/illuminate/database/Query/Builder.php(1978): Illuminate\\Database\\Query\\Grammars\\MySqlGrammar->compileSelect(Object(Illuminate\\Database\\Query\\Builder))
#5 /var/www/hcx/blog/vendor/illuminate/database/Query/Builder.php(2027): Illuminate\\Database\\Query\\Builder->toSql()
#6 /var/www/hcx/blog/vendor/illuminate/database/Query/Builder.php(2015): Illuminate\\Database\\Query\\Builder->runSelect()
#7 /var/www/hcx/blog/vendor/illuminate/database/Query/Builder.php(2499): Illuminate\\Database\\Query\\Builder->Illuminate\\Database\\Query\\{closure}()
#8 /var/www/hcx/blog/vendor/illuminate/database/Query/Builder.php(2016): Illuminate\\Database\\Query\\Builder->onceWithColumns('1', Object(Closure))
#9 /var/www/hcx/blog/vendor/illuminate/database/Eloquent/Builder.php(516): Illuminate\\Database\\Query\\Builder->get('1')
#10 /var/www/hcx/blog/vendor/illuminate/database/Eloquent/Builder.php(500): Illuminate\\Database\\Eloquent\\Builder->getModels('1')
#11 /var/www/hcx/blog/vendor/illuminate/database/Concerns/BuildsQueries.php(77): Illuminate\\Database\\Eloquent\\Builder->get('1')
#12 /var/www/hcx/blog/vendor/illuminate/support/Traits/ForwardsCalls.php(23): Illuminate\\Database\\Eloquent\\Builder->first('1')
#13 /var/www/hcx/blog/vendor/illuminate/database/Eloquent/Model.php(1603): Illuminate\\Database\\Eloquent\\Model->forwardCallTo(Object(Illuminate\\Database\\Eloquent\\Builder), 'first', Array)
#14 /var/www/hcx/blog/app/Models/MyFirstAPIClass.php(105): Illuminate\\Database\\Eloquent\\Model->__call('first', Array)
#15 /var/www/hcx/blog/app/Http/Controllers/MyFirstAPIController.php(43): App\\Models\\MyFirstAPIClass->get_item('1')
#16 [internal function]: App\\Http\\Controllers\\MyFirstAPIController->get_item(Object(Illuminate\\Http\\Request), '1')
#17 /var/www/hcx/blog/vendor/illuminate/container/BoundMethod.php(29): call_user_func_array(Array, Array)
#18 /var/www/hcx/blog/vendor/illuminate/container/BoundMethod.php(87): Illuminate\\Container\\BoundMethod::Illuminate\\Container\\{closure}()
#19 /var/www/hcx/blog/vendor/illuminate/container/BoundMethod.php(31): Illuminate\\Container\\BoundMethod::callBoundMethod(Object(Laravel\\Lumen\\Application), Array, Object(Closure))
#20 /var/www/hcx/blog/vendor/illuminate/container/Container.php(564): Illuminate\\Container\\BoundMethod::call(Object(Laravel\\Lumen\\Application), Array, Array, NULL)
#21 /var/www/hcx/blog/vendor/laravel/lumen-framework/src/Concerns/RoutesRequests.php(375): Illuminate\\Container\\Container->call(Array, Array)
#22 /var/www/hcx/blog/vendor/laravel/lumen-framework/src/Concerns/RoutesRequests.php(341): Laravel\\Lumen\\Application->callControllerCallable(Array, Array)
#23 /var/www/hcx/blog/vendor/laravel/lumen-framework/src/Concerns/RoutesRequests.php(315): Laravel\\Lumen\\Application->callLumenController(Object(App\\Http\\Controllers\\MyFirstAPIController), 'get_item', Array)
#24 /var/www/hcx/blog/vendor/laravel/lumen-framework/src/Concerns/RoutesRequests.php(277): Laravel\\Lumen\\Application->callControllerAction(Array)
#25 /var/www/hcx/blog/vendor/laravel/lumen-framework/src/Concerns/RoutesRequests.php(262): Laravel\\Lumen\\Application->callActionOnArrayBasedRoute(Array)
#26 /var/www/hcx/blog/vendor/laravel/lumen-framework/src/Concerns/RoutesRequests.php(232): Laravel\\Lumen\\Application->handleFoundRoute(Array)
#27 /var/www/hcx/blog/vendor/laravel/lumen-framework/src/Concerns/RoutesRequests.php(166): Laravel\\Lumen\\Application->handleDispatcherResponse(Array)
#28 /var/www/hcx/blog/vendor/laravel/lumen-framework/src/Concerns/RoutesRequests.php(415): Laravel\\Lumen\\Application->Laravel\\Lumen\\Concerns\\{closure}()
#29 /var/www/hcx/blog/vendor/laravel/lumen-framework/src/Concerns/RoutesRequests.php(168): Laravel\\Lumen\\Application->sendThroughPipeline(Array, Object(Closure))
#30 /var/www/hcx/blog/vendor/laravel/lumen-framework/src/Concerns/RoutesRequests.php(107): Laravel\\Lumen\\Application->dispatch(NULL)
#31 /var/www/hcx/blog/public/index.php(28): Laravel\\Lumen\\Application->run()
#32 {main}
"} 
